<?xml version="1.0" encoding="UTF-8"?>
<testng-results skipped="0" failed="1" total="2" passed="1">
  <reporter-output>
    <line>
      <![CDATA[Clicked on Navigation Drawer]]>
    </line>
    <line>
      <![CDATA[Clicked on Settings]]>
    </line>
    <line>
      <![CDATA[Scrolled and Clicked on Audio Quality]]>
    </line>
    <line>
      <![CDATA[Selected quality: HD]]>
    </line>
    <line>
      <![CDATA[Navigated to Upgrade Screen.]]>
    </line>
    <line>
      <![CDATA[Navigate to Music Tab]]>
    </line>
  </reporter-output>
  <suite name="Default suite" duration-ms="85726" started-at="2016-11-30T07:01:48Z" finished-at="2016-11-30T07:03:14Z">
    <groups>
    </groups>
    <test name="Default test" duration-ms="85726" started-at="2016-11-30T07:01:48Z" finished-at="2016-11-30T07:03:14Z">
      <class name="moolya.hungama.tests.HungamaTest">
        <test-method status="PASS" signature="setUp()[pri:0, instance:moolya.hungama.tests.HungamaTest@69ea3742]" name="setUp" is-config="true" duration-ms="26450" started-at="2016-11-30T12:31:22Z" finished-at="2016-11-30T12:31:48Z">
          <reporter-output>
          </reporter-output>
        </test-method> <!-- setUp -->
        <test-method status="PASS" signature="hdAudioFreeUserTest()[pri:1, instance:moolya.hungama.tests.HungamaTest@69ea3742]" name="hdAudioFreeUserTest" duration-ms="53141" started-at="2016-11-30T12:31:48Z" finished-at="2016-11-30T12:32:41Z">
          <reporter-output>
            <line>
              <![CDATA[Clicked on Navigation Drawer]]>
            </line>
            <line>
              <![CDATA[Clicked on Settings]]>
            </line>
            <line>
              <![CDATA[Scrolled and Clicked on Audio Quality]]>
            </line>
            <line>
              <![CDATA[Selected quality: HD]]>
            </line>
            <line>
              <![CDATA[Navigated to Upgrade Screen.]]>
            </line>
          </reporter-output>
        </test-method> <!-- hdAudioFreeUserTest -->
        <test-method status="PASS" signature="afterMethodTest()[pri:0, instance:moolya.hungama.tests.HungamaTest@69ea3742]" name="afterMethodTest" is-config="true" duration-ms="1942" started-at="2016-11-30T12:32:41Z" finished-at="2016-11-30T12:32:43Z">
          <reporter-output>
          </reporter-output>
        </test-method> <!-- afterMethodTest -->
        <test-method status="PASS" signature="catchExceptions(org.testng.ITestResult)[pri:0, instance:moolya.hungama.tests.HungamaTest@69ea3742]" name="catchExceptions" is-config="true" duration-ms="1" started-at="2016-11-30T12:32:43Z" finished-at="2016-11-30T12:32:43Z">
          <params>
            <param index="0">
              <value>
                <![CDATA[[TestResult name=hdAudioFreeUserTest status=SUCCESS method=HungamaTest.hdAudioFreeUserTest()[pri:1, instance:moolya.hungama.tests.HungamaTest@69ea3742] output=Clicked on Navigation Drawer]]]>
              </value>
            </param>
          </params>
          <reporter-output>
          </reporter-output>
        </test-method> <!-- catchExceptions -->
        <test-method status="FAIL" signature="adPresentPlaylistMoreThan10Test()[pri:2, instance:moolya.hungama.tests.HungamaTest@69ea3742]" name="adPresentPlaylistMoreThan10Test" duration-ms="26283" started-at="2016-11-30T12:32:43Z" finished-at="2016-11-30T12:33:09Z">
          <exception class="org.openqa.selenium.NoSuchElementException">
            <message>
              <![CDATA[An element could not be located on the page using the given search parameters. (WARNING: The server did not provide any stacktrace information)
Command duration or timeout: 2.16 seconds
For documentation on this error, please visit: http://seleniumhq.org/exceptions/no_such_element.html
Build info: version: '2.53.0', revision: '35ae25b1534ae328c771e0856c93e187490ca824', time: '2016-03-15 10:43:46'
System info: host: 'Yatheendra-PC', ip: '192.168.56.1', os.name: 'Windows 7', os.arch: 'amd64', os.version: '6.1', java.version: '1.8.0_101'
Driver info: io.appium.java_client.android.AndroidDriver
Capabilities [{appPackage=com.hungama.myplay.activity, networkConnectionEnabled=true, warnings={}, databaseEnabled=false, deviceName=Android, platform=LINUX, appActivity=.ui.HomeActivity, desired={appPackage=com.hungama.myplay.activity, appActivity=.ui.HomeActivity, platformVersion=4.2.1, platformName=Android, deviceName=Android}, platformVersion=4.2.1, webStorageEnabled=false, locationContextEnabled=false, browserName=Android, takesScreenshot=true, javascriptEnabled=true, platformName=Android}]
Session ID: cada44f1-9149-463a-95dc-93c0e82d39d8
*** Element info: {Using=name, value=Love Etc.}]]>
            </message>
            <full-stacktrace>
              <![CDATA[org.openqa.selenium.NoSuchElementException: An element could not be located on the page using the given search parameters. (WARNING: The server did not provide any stacktrace information)
Command duration or timeout: 2.16 seconds
For documentation on this error, please visit: http://seleniumhq.org/exceptions/no_such_element.html
Build info: version: '2.53.0', revision: '35ae25b1534ae328c771e0856c93e187490ca824', time: '2016-03-15 10:43:46'
System info: host: 'Yatheendra-PC', ip: '192.168.56.1', os.name: 'Windows 7', os.arch: 'amd64', os.version: '6.1', java.version: '1.8.0_101'
Driver info: io.appium.java_client.android.AndroidDriver
Capabilities [{appPackage=com.hungama.myplay.activity, networkConnectionEnabled=true, warnings={}, databaseEnabled=false, deviceName=Android, platform=LINUX, appActivity=.ui.HomeActivity, desired={appPackage=com.hungama.myplay.activity, appActivity=.ui.HomeActivity, platformVersion=4.2.1, platformName=Android, deviceName=Android}, platformVersion=4.2.1, webStorageEnabled=false, locationContextEnabled=false, browserName=Android, takesScreenshot=true, javascriptEnabled=true, platformName=Android}]
Session ID: cada44f1-9149-463a-95dc-93c0e82d39d8
*** Element info: {Using=name, value=Love Etc.}
	at sun.reflect.NativeConstructorAccessorImpl.newInstance0(Native Method)
	at sun.reflect.NativeConstructorAccessorImpl.newInstance(Unknown Source)
	at sun.reflect.DelegatingConstructorAccessorImpl.newInstance(Unknown Source)
	at java.lang.reflect.Constructor.newInstance(Unknown Source)
	at org.openqa.selenium.remote.ErrorHandler.createThrowable(ErrorHandler.java:206)
	at org.openqa.selenium.remote.ErrorHandler.throwIfResponseFailed(ErrorHandler.java:158)
	at org.openqa.selenium.remote.RemoteWebDriver.execute(RemoteWebDriver.java:678)
	at io.appium.java_client.DefaultGenericMobileDriver.execute(DefaultGenericMobileDriver.java:42)
	at io.appium.java_client.AppiumDriver.execute(AppiumDriver.java:1)
	at io.appium.java_client.android.AndroidDriver.execute(AndroidDriver.java:1)
	at org.openqa.selenium.remote.RemoteWebDriver.findElement(RemoteWebDriver.java:363)
	at org.openqa.selenium.remote.RemoteWebDriver.findElementByName(RemoteWebDriver.java:461)
	at io.appium.java_client.DefaultGenericMobileDriver.findElementByName(DefaultGenericMobileDriver.java:102)
	at io.appium.java_client.AppiumDriver.findElementByName(AppiumDriver.java:1)
	at io.appium.java_client.android.AndroidDriver.findElementByName(AndroidDriver.java:1)
	at moolya.hungama.pages.MusicPage.selectAlbum(MusicPage.java:34)
	at moolya.hungama.tests.HungamaTest.adPresentPlaylistMoreThan10Test(HungamaTest.java:35)
	at sun.reflect.NativeMethodAccessorImpl.invoke0(Native Method)
	at sun.reflect.NativeMethodAccessorImpl.invoke(Unknown Source)
	at sun.reflect.DelegatingMethodAccessorImpl.invoke(Unknown Source)
	at java.lang.reflect.Method.invoke(Unknown Source)
	at org.testng.internal.MethodInvocationHelper.invokeMethod(MethodInvocationHelper.java:86)
	at org.testng.internal.Invoker.invokeMethod(Invoker.java:643)
	at org.testng.internal.Invoker.invokeTestMethod(Invoker.java:820)
	at org.testng.internal.Invoker.invokeTestMethods(Invoker.java:1128)
	at org.testng.internal.TestMethodWorker.invokeTestMethods(TestMethodWorker.java:129)
	at org.testng.internal.TestMethodWorker.run(TestMethodWorker.java:112)
	at org.testng.TestRunner.privateRun(TestRunner.java:782)
	at org.testng.TestRunner.run(TestRunner.java:632)
	at org.testng.SuiteRunner.runTest(SuiteRunner.java:366)
	at org.testng.SuiteRunner.runSequentially(SuiteRunner.java:361)
	at org.testng.SuiteRunner.privateRun(SuiteRunner.java:319)
	at org.testng.SuiteRunner.run(SuiteRunner.java:268)
	at org.testng.SuiteRunnerWorker.runSuite(SuiteRunnerWorker.java:52)
	at org.testng.SuiteRunnerWorker.run(SuiteRunnerWorker.java:86)
	at org.testng.TestNG.runSuitesSequentially(TestNG.java:1244)
	at org.testng.TestNG.runSuitesLocally(TestNG.java:1169)
	at org.testng.TestNG.run(TestNG.java:1064)
	at org.testng.remote.AbstractRemoteTestNG.run(AbstractRemoteTestNG.java:132)
	at org.testng.remote.RemoteTestNG.initAndRun(RemoteTestNG.java:236)
	at org.testng.remote.RemoteTestNG.main(RemoteTestNG.java:81)
]]>
            </full-stacktrace>
          </exception> <!-- org.openqa.selenium.NoSuchElementException -->
          <reporter-output>
            <line>
              <![CDATA[Navigate to Music Tab]]>
            </line>
          </reporter-output>
        </test-method> <!-- adPresentPlaylistMoreThan10Test -->
        <test-method status="PASS" signature="afterMethodTest()[pri:0, instance:moolya.hungama.tests.HungamaTest@69ea3742]" name="afterMethodTest" is-config="true" duration-ms="2355" started-at="2016-11-30T12:33:09Z" finished-at="2016-11-30T12:33:12Z">
          <reporter-output>
          </reporter-output>
        </test-method> <!-- afterMethodTest -->
        <test-method status="PASS" signature="catchExceptions(org.testng.ITestResult)[pri:0, instance:moolya.hungama.tests.HungamaTest@69ea3742]" name="catchExceptions" is-config="true" duration-ms="1974" started-at="2016-11-30T12:33:12Z" finished-at="2016-11-30T12:33:14Z">
          <params>
            <param index="0">
              <value>
                <![CDATA[[TestResult name=adPresentPlaylistMoreThan10Test status=FAILURE method=HungamaTest.adPresentPlaylistMoreThan10Test()[pri:2, instance:moolya.hungama.tests.HungamaTest@69ea3742] output=Navigate to Music Tab]]]>
              </value>
            </param>
          </params>
          <reporter-output>
          </reporter-output>
        </test-method> <!-- catchExceptions -->
        <test-method status="FAIL" signature="tearDown()[pri:0, instance:moolya.hungama.tests.HungamaTest@69ea3742]" name="tearDown" is-config="true" duration-ms="0" started-at="2016-11-30T12:33:14Z" finished-at="2016-11-30T12:33:14Z">
          <exception class="org.openqa.selenium.remote.UnreachableBrowserException">
            <message>
              <![CDATA[Error communicating with the remote browser. It may have died.
Build info: version: '2.53.0', revision: '35ae25b1534ae328c771e0856c93e187490ca824', time: '2016-03-15 10:43:46'
System info: host: 'Yatheendra-PC', ip: '192.168.56.1', os.name: 'Windows 7', os.arch: 'amd64', os.version: '6.1', java.version: '1.8.0_101'
Driver info: driver.version: AppiumDriver
Capabilities [{appPackage=com.hungama.myplay.activity, networkConnectionEnabled=true, warnings={}, databaseEnabled=false, deviceName=Android, platform=LINUX, appActivity=.ui.HomeActivity, desired={appPackage=com.hungama.myplay.activity, appActivity=.ui.HomeActivity, platformVersion=4.2.1, platformName=Android, deviceName=Android}, platformVersion=4.2.1, webStorageEnabled=false, locationContextEnabled=false, browserName=Android, takesScreenshot=true, javascriptEnabled=true, platformName=Android}]
Session ID: cada44f1-9149-463a-95dc-93c0e82d39d8]]>
            </message>
            <full-stacktrace>
              <![CDATA[org.openqa.selenium.remote.UnreachableBrowserException: Error communicating with the remote browser. It may have died.
Build info: version: '2.53.0', revision: '35ae25b1534ae328c771e0856c93e187490ca824', time: '2016-03-15 10:43:46'
System info: host: 'Yatheendra-PC', ip: '192.168.56.1', os.name: 'Windows 7', os.arch: 'amd64', os.version: '6.1', java.version: '1.8.0_101'
Driver info: driver.version: AppiumDriver
Capabilities [{appPackage=com.hungama.myplay.activity, networkConnectionEnabled=true, warnings={}, databaseEnabled=false, deviceName=Android, platform=LINUX, appActivity=.ui.HomeActivity, desired={appPackage=com.hungama.myplay.activity, appActivity=.ui.HomeActivity, platformVersion=4.2.1, platformName=Android, deviceName=Android}, platformVersion=4.2.1, webStorageEnabled=false, locationContextEnabled=false, browserName=Android, takesScreenshot=true, javascriptEnabled=true, platformName=Android}]
Session ID: cada44f1-9149-463a-95dc-93c0e82d39d8
	at org.openqa.selenium.remote.RemoteWebDriver.execute(RemoteWebDriver.java:665)
	at io.appium.java_client.DefaultGenericMobileDriver.execute(DefaultGenericMobileDriver.java:42)
	at io.appium.java_client.AppiumDriver.execute(AppiumDriver.java:206)
	at io.appium.java_client.AppiumDriver.closeApp(AppiumDriver.java:262)
	at moolya.hungama.tests.M_BaseTest.tearDown(M_BaseTest.java:38)
	at sun.reflect.NativeMethodAccessorImpl.invoke0(Native Method)
	at sun.reflect.NativeMethodAccessorImpl.invoke(Unknown Source)
	at sun.reflect.DelegatingMethodAccessorImpl.invoke(Unknown Source)
	at java.lang.reflect.Method.invoke(Unknown Source)
	at org.testng.internal.MethodInvocationHelper.invokeMethod(MethodInvocationHelper.java:86)
	at org.testng.internal.Invoker.invokeConfigurationMethod(Invoker.java:514)
	at org.testng.internal.Invoker.invokeConfigurations(Invoker.java:215)
	at org.testng.internal.Invoker.invokeConfigurations(Invoker.java:142)
	at org.testng.SuiteRunner.privateRun(SuiteRunner.java:336)
	at org.testng.SuiteRunner.run(SuiteRunner.java:268)
	at org.testng.SuiteRunnerWorker.runSuite(SuiteRunnerWorker.java:52)
	at org.testng.SuiteRunnerWorker.run(SuiteRunnerWorker.java:86)
	at org.testng.TestNG.runSuitesSequentially(TestNG.java:1244)
	at org.testng.TestNG.runSuitesLocally(TestNG.java:1169)
	at org.testng.TestNG.run(TestNG.java:1064)
	at org.testng.remote.AbstractRemoteTestNG.run(AbstractRemoteTestNG.java:132)
	at org.testng.remote.RemoteTestNG.initAndRun(RemoteTestNG.java:236)
	at org.testng.remote.RemoteTestNG.main(RemoteTestNG.java:81)
Caused by: org.openqa.selenium.WebDriverException: java.net.SocketException: Connection reset
Build info: version: '2.53.0', revision: '35ae25b1534ae328c771e0856c93e187490ca824', time: '2016-03-15 10:43:46'
System info: host: 'Yatheendra-PC', ip: '192.168.56.1', os.name: 'Windows 7', os.arch: 'amd64', os.version: '6.1', java.version: '1.8.0_101'
Driver info: driver.version: AppiumDriver
	at io.appium.java_client.remote.AppiumCommandExecutor.execute(AppiumCommandExecutor.java:79)
	at org.openqa.selenium.remote.RemoteWebDriver.execute(RemoteWebDriver.java:644)
	... 22 more
Caused by: java.net.SocketException: Connection reset
	at java.net.SocketInputStream.read(Unknown Source)
	at java.net.SocketInputStream.read(Unknown Source)
	at org.apache.http.impl.io.SessionInputBufferImpl.streamRead(SessionInputBufferImpl.java:136)
	at org.apache.http.impl.io.SessionInputBufferImpl.fillBuffer(SessionInputBufferImpl.java:152)
	at org.apache.http.impl.io.SessionInputBufferImpl.readLine(SessionInputBufferImpl.java:270)
	at org.apache.http.impl.conn.DefaultHttpResponseParser.parseHead(DefaultHttpResponseParser.java:140)
	at org.apache.http.impl.conn.DefaultHttpResponseParser.parseHead(DefaultHttpResponseParser.java:57)
	at org.apache.http.impl.io.AbstractMessageParser.parse(AbstractMessageParser.java:260)
	at org.apache.http.impl.DefaultBHttpClientConnection.receiveResponseHeader(DefaultBHttpClientConnection.java:161)
	at sun.reflect.GeneratedMethodAccessor11.invoke(Unknown Source)
	at sun.reflect.DelegatingMethodAccessorImpl.invoke(Unknown Source)
	at java.lang.reflect.Method.invoke(Unknown Source)
	at org.apache.http.impl.conn.CPoolProxy.invoke(CPoolProxy.java:138)
	at com.sun.proxy.$Proxy7.receiveResponseHeader(Unknown Source)
	at org.apache.http.protocol.HttpRequestExecutor.doReceiveResponse(HttpRequestExecutor.java:271)
	at org.apache.http.protocol.HttpRequestExecutor.execute(HttpRequestExecutor.java:123)
	at org.apache.http.impl.execchain.MainClientExec.execute(MainClientExec.java:254)
	at org.apache.http.impl.execchain.ProtocolExec.execute(ProtocolExec.java:195)
	at org.apache.http.impl.execchain.RetryExec.execute(RetryExec.java:86)
	at org.apache.http.impl.execchain.RedirectExec.execute(RedirectExec.java:108)
	at org.apache.http.impl.client.InternalHttpClient.doExecute(InternalHttpClient.java:186)
	at org.apache.http.impl.client.CloseableHttpClient.execute(CloseableHttpClient.java:72)
	at org.apache.http.impl.client.CloseableHttpClient.execute(CloseableHttpClient.java:57)
	at org.openqa.selenium.remote.internal.ApacheHttpClient.fallBackExecute(ApacheHttpClient.java:144)
	at org.openqa.selenium.remote.internal.ApacheHttpClient.execute(ApacheHttpClient.java:90)
	at org.openqa.selenium.remote.HttpCommandExecutor.execute(HttpCommandExecutor.java:142)
	at io.appium.java_client.remote.AppiumCommandExecutor.execute(AppiumCommandExecutor.java:67)
	... 23 more
]]>
            </full-stacktrace>
          </exception> <!-- org.openqa.selenium.remote.UnreachableBrowserException -->
          <reporter-output>
          </reporter-output>
        </test-method> <!-- tearDown -->
      </class> <!-- moolya.hungama.tests.HungamaTest -->
    </test> <!-- Default test -->
  </suite> <!-- Default suite -->
</testng-results>
